<?xml version="1.0" encoding="UTF-8"?>
<!-- Generated by org.testng.reporters.JUnitReportReporter -->
<testsuite skipped="0" hostname="AJAGOW-LAPW10" name="com.tests.Sample" tests="1" failures="0" timestamp="2020-06-22T19:48:43 IST" time="0.004" errors="0">
  <testcase name="sample" time="0.004" classname="com.tests.Sample"/>
  <system-out/>
</testsuite> <!-- com.tests.Sample -->
