<?xml version="1.0" encoding="UTF-8"?>
<!-- Generated by org.testng.reporters.JUnitReportReporter -->
<testsuite skipped="0" hostname="AJAGOW-LAPW10" name="com.tests.GettingSourcesudpdetails" tests="4" failures="0" timestamp="2020-09-16T19:28:02 IST" time="0.011" errors="0">
  <testcase name="testmethod_200" time="0.001" classname="com.tests.GettingSourcesudpdetails"/>
  <system-out/>
  <testcase name="testmethod_200" time="0.008" classname="com.tests.GettingSourcesudpdetails"/>
  <system-out/>
  <testcase name="testmethod2_400" time="0.001" classname="com.tests.GettingSourcesudpdetails"/>
  <system-out/>
  <testcase name="testmethod2_400" time="0.001" classname="com.tests.GettingSourcesudpdetails"/>
  <system-out/>
</testsuite> <!-- com.tests.GettingSourcesudpdetails -->
